20-Sep-2018 14:04:32.277 정보 [main] org.apache.catalina.core.ApplicationContext.log 2 Spring WebApplicationInitializers detected on classpath
20-Sep-2018 14:04:34.232 정보 [main] org.apache.catalina.core.ApplicationContext.log Initializing Spring embedded WebApplicationContext
20-Sep-2018 14:04:43.203 정보 [tomcat-http--3] org.apache.catalina.core.ApplicationContext.log Initializing Spring FrameworkServlet 'dispatcherServlet'
20-Sep-2018 14:05:24.917 정보 [Thread-6] org.apache.catalina.core.ApplicationContext.log Destroying Spring FrameworkServlet 'dispatcherServlet'
20-Sep-2018 14:05:24.919 정보 [Thread-6] org.apache.catalina.core.ApplicationContext.log Closing Spring root WebApplicationContext
20-Sep-2018 14:21:12.792 정보 [main] org.apache.catalina.core.ApplicationContext.log 2 Spring WebApplicationInitializers detected on classpath
20-Sep-2018 14:21:14.583 정보 [main] org.apache.catalina.core.ApplicationContext.log Initializing Spring embedded WebApplicationContext
20-Sep-2018 14:21:21.188 정보 [tomcat-http--3] org.apache.catalina.core.ApplicationContext.log Initializing Spring FrameworkServlet 'dispatcherServlet'
20-Sep-2018 14:21:29.515 정보 [ContainerBackgroundProcessor[StandardEngine[Catalina]]] org.apache.catalina.core.ApplicationContext.log Destroying Spring FrameworkServlet 'dispatcherServlet'
20-Sep-2018 14:21:29.518 정보 [ContainerBackgroundProcessor[StandardEngine[Catalina]]] org.apache.catalina.core.ApplicationContext.log Closing Spring root WebApplicationContext
20-Sep-2018 14:21:32.124 정보 [ContainerBackgroundProcessor[StandardEngine[Catalina]]] org.apache.catalina.core.ApplicationContext.log 1 Spring WebApplicationInitializers detected on classpath
20-Sep-2018 14:21:42.643 정보 [main] org.apache.catalina.core.ApplicationContext.log 1 Spring WebApplicationInitializers detected on classpath
20-Sep-2018 14:26:16.633 정보 [main] org.apache.catalina.core.ApplicationContext.log 2 Spring WebApplicationInitializers detected on classpath
20-Sep-2018 14:26:18.487 정보 [main] org.apache.catalina.core.ApplicationContext.log Initializing Spring embedded WebApplicationContext
20-Sep-2018 14:26:28.481 정보 [tomcat-http--3] org.apache.catalina.core.ApplicationContext.log Initializing Spring FrameworkServlet 'dispatcherServlet'
20-Sep-2018 14:54:58.990 정보 [Thread-6] org.apache.catalina.core.ApplicationContext.log Destroying Spring FrameworkServlet 'dispatcherServlet'
20-Sep-2018 14:54:58.992 정보 [Thread-6] org.apache.catalina.core.ApplicationContext.log Closing Spring root WebApplicationContext
20-Sep-2018 14:55:08.251 정보 [main] org.apache.catalina.core.ApplicationContext.log 2 Spring WebApplicationInitializers detected on classpath
20-Sep-2018 14:55:10.081 정보 [main] org.apache.catalina.core.ApplicationContext.log Initializing Spring embedded WebApplicationContext
20-Sep-2018 14:55:14.537 정보 [main] org.apache.catalina.core.ApplicationContext.log 2 Spring WebApplicationInitializers detected on classpath
20-Sep-2018 14:55:16.162 정보 [main] org.apache.catalina.core.ApplicationContext.log Initializing Spring embedded WebApplicationContext
20-Sep-2018 14:57:06.397 정보 [Thread-7] org.apache.catalina.core.ApplicationContext.log Closing Spring root WebApplicationContext
20-Sep-2018 14:57:15.264 정보 [main] org.apache.catalina.core.ApplicationContext.log 2 Spring WebApplicationInitializers detected on classpath
20-Sep-2018 14:57:17.017 정보 [main] org.apache.catalina.core.ApplicationContext.log Initializing Spring embedded WebApplicationContext
20-Sep-2018 14:57:21.517 정보 [main] org.apache.catalina.core.ApplicationContext.log 2 Spring WebApplicationInitializers detected on classpath
20-Sep-2018 14:57:23.160 정보 [main] org.apache.catalina.core.ApplicationContext.log Initializing Spring embedded WebApplicationContext
20-Sep-2018 14:58:19.100 정보 [Thread-7] org.apache.catalina.core.ApplicationContext.log Closing Spring root WebApplicationContext
20-Sep-2018 14:58:25.753 정보 [main] org.apache.catalina.core.ApplicationContext.log 2 Spring WebApplicationInitializers detected on classpath
20-Sep-2018 14:58:27.566 정보 [main] org.apache.catalina.core.ApplicationContext.log Initializing Spring embedded WebApplicationContext
20-Sep-2018 14:58:32.000 정보 [main] org.apache.catalina.core.ApplicationContext.log 2 Spring WebApplicationInitializers detected on classpath
20-Sep-2018 14:58:33.660 정보 [main] org.apache.catalina.core.ApplicationContext.log Initializing Spring embedded WebApplicationContext
20-Sep-2018 14:58:49.165 정보 [Thread-7] org.apache.catalina.core.ApplicationContext.log Closing Spring root WebApplicationContext
20-Sep-2018 14:58:56.856 정보 [main] org.apache.catalina.core.ApplicationContext.log 2 Spring WebApplicationInitializers detected on classpath
20-Sep-2018 14:58:58.741 정보 [main] org.apache.catalina.core.ApplicationContext.log Initializing Spring embedded WebApplicationContext
20-Sep-2018 14:59:03.259 정보 [main] org.apache.catalina.core.ApplicationContext.log 2 Spring WebApplicationInitializers detected on classpath
20-Sep-2018 14:59:04.910 정보 [main] org.apache.catalina.core.ApplicationContext.log Initializing Spring embedded WebApplicationContext
20-Sep-2018 14:59:13.742 정보 [tomcat-http--3] org.apache.catalina.core.ApplicationContext.log Initializing Spring FrameworkServlet 'dispatcherServlet'
20-Sep-2018 15:01:35.633 정보 [Thread-7] org.apache.catalina.core.ApplicationContext.log Destroying Spring FrameworkServlet 'dispatcherServlet'
20-Sep-2018 15:01:35.635 정보 [Thread-7] org.apache.catalina.core.ApplicationContext.log Closing Spring root WebApplicationContext
20-Sep-2018 15:01:44.130 정보 [main] org.apache.catalina.core.ApplicationContext.log 2 Spring WebApplicationInitializers detected on classpath
20-Sep-2018 15:01:45.991 정보 [main] org.apache.catalina.core.ApplicationContext.log Initializing Spring embedded WebApplicationContext
20-Sep-2018 15:01:50.490 정보 [main] org.apache.catalina.core.ApplicationContext.log 2 Spring WebApplicationInitializers detected on classpath
20-Sep-2018 15:01:52.161 정보 [main] org.apache.catalina.core.ApplicationContext.log Initializing Spring embedded WebApplicationContext
20-Sep-2018 15:02:09.788 정보 [Thread-7] org.apache.catalina.core.ApplicationContext.log Closing Spring root WebApplicationContext
20-Sep-2018 15:02:16.607 정보 [main] org.apache.catalina.core.ApplicationContext.log 2 Spring WebApplicationInitializers detected on classpath
20-Sep-2018 15:02:18.449 정보 [main] org.apache.catalina.core.ApplicationContext.log Initializing Spring embedded WebApplicationContext
20-Sep-2018 15:02:22.835 정보 [main] org.apache.catalina.core.ApplicationContext.log 2 Spring WebApplicationInitializers detected on classpath
20-Sep-2018 15:02:24.431 정보 [main] org.apache.catalina.core.ApplicationContext.log Initializing Spring embedded WebApplicationContext
20-Sep-2018 15:02:40.912 정보 [Thread-7] org.apache.catalina.core.ApplicationContext.log Closing Spring root WebApplicationContext
20-Sep-2018 15:02:46.237 정보 [main] org.apache.catalina.core.ApplicationContext.log 2 Spring WebApplicationInitializers detected on classpath
20-Sep-2018 15:02:48.084 정보 [main] org.apache.catalina.core.ApplicationContext.log Initializing Spring embedded WebApplicationContext
20-Sep-2018 15:02:52.590 정보 [main] org.apache.catalina.core.ApplicationContext.log 2 Spring WebApplicationInitializers detected on classpath
20-Sep-2018 15:02:54.241 정보 [main] org.apache.catalina.core.ApplicationContext.log Initializing Spring embedded WebApplicationContext
20-Sep-2018 15:03:03.249 정보 [tomcat-http--3] org.apache.catalina.core.ApplicationContext.log Initializing Spring FrameworkServlet 'dispatcherServlet'
20-Sep-2018 15:03:22.312 정보 [Thread-7] org.apache.catalina.core.ApplicationContext.log Destroying Spring FrameworkServlet 'dispatcherServlet'
20-Sep-2018 15:03:22.313 정보 [Thread-7] org.apache.catalina.core.ApplicationContext.log Closing Spring root WebApplicationContext
20-Sep-2018 15:03:43.458 정보 [main] org.apache.catalina.core.ApplicationContext.log 2 Spring WebApplicationInitializers detected on classpath
20-Sep-2018 15:03:45.368 정보 [main] org.apache.catalina.core.ApplicationContext.log Initializing Spring embedded WebApplicationContext
20-Sep-2018 15:03:49.916 정보 [main] org.apache.catalina.core.ApplicationContext.log 2 Spring WebApplicationInitializers detected on classpath
20-Sep-2018 15:03:51.605 정보 [main] org.apache.catalina.core.ApplicationContext.log Initializing Spring embedded WebApplicationContext
20-Sep-2018 15:04:44.779 정보 [Thread-7] org.apache.catalina.core.ApplicationContext.log Closing Spring root WebApplicationContext
20-Sep-2018 15:06:35.356 정보 [main] org.apache.catalina.core.ApplicationContext.log 2 Spring WebApplicationInitializers detected on classpath
20-Sep-2018 15:06:37.241 정보 [main] org.apache.catalina.core.ApplicationContext.log Initializing Spring embedded WebApplicationContext
20-Sep-2018 15:06:41.854 정보 [main] org.apache.catalina.core.ApplicationContext.log 2 Spring WebApplicationInitializers detected on classpath
20-Sep-2018 15:06:43.503 정보 [main] org.apache.catalina.core.ApplicationContext.log Initializing Spring embedded WebApplicationContext
20-Sep-2018 15:07:35.909 정보 [Thread-7] org.apache.catalina.core.ApplicationContext.log Closing Spring root WebApplicationContext
20-Sep-2018 15:07:44.472 정보 [main] org.apache.catalina.core.ApplicationContext.log 2 Spring WebApplicationInitializers detected on classpath
20-Sep-2018 15:07:46.070 정보 [main] org.apache.catalina.core.ApplicationContext.log Initializing Spring embedded WebApplicationContext
20-Sep-2018 15:07:50.057 정보 [main] org.apache.catalina.core.ApplicationContext.log 2 Spring WebApplicationInitializers detected on classpath
20-Sep-2018 15:07:51.814 정보 [main] org.apache.catalina.core.ApplicationContext.log Initializing Spring embedded WebApplicationContext
20-Sep-2018 15:09:48.036 정보 [Thread-7] org.apache.catalina.core.ApplicationContext.log Closing Spring root WebApplicationContext
20-Sep-2018 15:09:54.620 정보 [main] org.apache.catalina.core.ApplicationContext.log 2 Spring WebApplicationInitializers detected on classpath
20-Sep-2018 15:09:56.428 정보 [main] org.apache.catalina.core.ApplicationContext.log Initializing Spring embedded WebApplicationContext
20-Sep-2018 15:10:00.901 정보 [main] org.apache.catalina.core.ApplicationContext.log 2 Spring WebApplicationInitializers detected on classpath
20-Sep-2018 15:10:02.585 정보 [main] org.apache.catalina.core.ApplicationContext.log Initializing Spring embedded WebApplicationContext
20-Sep-2018 15:11:10.972 정보 [Thread-7] org.apache.catalina.core.ApplicationContext.log Closing Spring root WebApplicationContext
20-Sep-2018 15:11:16.210 정보 [main] org.apache.catalina.core.ApplicationContext.log 2 Spring WebApplicationInitializers detected on classpath
20-Sep-2018 15:11:17.983 정보 [main] org.apache.catalina.core.ApplicationContext.log Initializing Spring embedded WebApplicationContext
20-Sep-2018 15:11:22.600 정보 [main] org.apache.catalina.core.ApplicationContext.log 2 Spring WebApplicationInitializers detected on classpath
20-Sep-2018 15:11:24.270 정보 [main] org.apache.catalina.core.ApplicationContext.log Initializing Spring embedded WebApplicationContext
20-Sep-2018 15:12:41.388 정보 [Thread-7] org.apache.catalina.core.ApplicationContext.log Closing Spring root WebApplicationContext
20-Sep-2018 15:12:46.359 정보 [main] org.apache.catalina.core.ApplicationContext.log 2 Spring WebApplicationInitializers detected on classpath
20-Sep-2018 15:12:48.234 정보 [main] org.apache.catalina.core.ApplicationContext.log Initializing Spring embedded WebApplicationContext
20-Sep-2018 15:12:52.789 정보 [main] org.apache.catalina.core.ApplicationContext.log 2 Spring WebApplicationInitializers detected on classpath
20-Sep-2018 15:12:54.427 정보 [main] org.apache.catalina.core.ApplicationContext.log Initializing Spring embedded WebApplicationContext
20-Sep-2018 15:13:35.131 정보 [Thread-7] org.apache.catalina.core.ApplicationContext.log Closing Spring root WebApplicationContext
20-Sep-2018 15:14:33.717 정보 [main] org.apache.catalina.core.ApplicationContext.log 2 Spring WebApplicationInitializers detected on classpath
20-Sep-2018 15:14:35.645 정보 [main] org.apache.catalina.core.ApplicationContext.log Initializing Spring embedded WebApplicationContext
20-Sep-2018 15:14:40.108 정보 [main] org.apache.catalina.core.ApplicationContext.log 2 Spring WebApplicationInitializers detected on classpath
20-Sep-2018 15:14:41.753 정보 [main] org.apache.catalina.core.ApplicationContext.log Initializing Spring embedded WebApplicationContext
20-Sep-2018 15:16:54.574 정보 [Thread-7] org.apache.catalina.core.ApplicationContext.log Closing Spring root WebApplicationContext
20-Sep-2018 15:16:59.545 정보 [main] org.apache.catalina.core.ApplicationContext.log 2 Spring WebApplicationInitializers detected on classpath
20-Sep-2018 15:17:01.408 정보 [main] org.apache.catalina.core.ApplicationContext.log Initializing Spring embedded WebApplicationContext
20-Sep-2018 15:17:05.900 정보 [main] org.apache.catalina.core.ApplicationContext.log 2 Spring WebApplicationInitializers detected on classpath
20-Sep-2018 15:17:07.555 정보 [main] org.apache.catalina.core.ApplicationContext.log Initializing Spring embedded WebApplicationContext
20-Sep-2018 15:19:21.258 정보 [Thread-7] org.apache.catalina.core.ApplicationContext.log Closing Spring root WebApplicationContext
20-Sep-2018 15:20:11.296 정보 [main] org.apache.catalina.core.ApplicationContext.log 2 Spring WebApplicationInitializers detected on classpath
20-Sep-2018 15:20:13.130 정보 [main] org.apache.catalina.core.ApplicationContext.log Initializing Spring embedded WebApplicationContext
20-Sep-2018 15:20:17.652 정보 [main] org.apache.catalina.core.ApplicationContext.log 2 Spring WebApplicationInitializers detected on classpath
20-Sep-2018 15:20:19.322 정보 [main] org.apache.catalina.core.ApplicationContext.log Initializing Spring embedded WebApplicationContext
20-Sep-2018 15:23:28.152 정보 [RMI TCP Connection(3)-127.0.0.1] org.apache.catalina.core.ApplicationContext.log Closing Spring root WebApplicationContext
20-Sep-2018 15:24:03.059 정보 [main] org.apache.catalina.core.ApplicationContext.log 2 Spring WebApplicationInitializers detected on classpath
20-Sep-2018 15:24:04.802 정보 [main] org.apache.catalina.core.ApplicationContext.log Initializing Spring embedded WebApplicationContext
20-Sep-2018 15:24:12.273 정보 [tomcat-http--2] org.apache.catalina.core.ApplicationContext.log Initializing Spring FrameworkServlet 'dispatcherServlet'
20-Sep-2018 15:24:26.726 정보 [Thread-6] org.apache.catalina.core.ApplicationContext.log Destroying Spring FrameworkServlet 'dispatcherServlet'
20-Sep-2018 15:24:26.727 정보 [Thread-6] org.apache.catalina.core.ApplicationContext.log Closing Spring root WebApplicationContext
20-Sep-2018 15:24:31.464 정보 [main] org.apache.catalina.core.ApplicationContext.log 2 Spring WebApplicationInitializers detected on classpath
20-Sep-2018 15:24:33.195 정보 [main] org.apache.catalina.core.ApplicationContext.log Initializing Spring embedded WebApplicationContext
20-Sep-2018 15:30:24.918 정보 [tomcat-http--5] org.apache.catalina.core.ApplicationContext.log Initializing Spring FrameworkServlet 'dispatcherServlet'
20-Sep-2018 15:32:25.840 정보 [Thread-6] org.apache.catalina.core.ApplicationContext.log Destroying Spring FrameworkServlet 'dispatcherServlet'
20-Sep-2018 15:32:25.842 정보 [Thread-6] org.apache.catalina.core.ApplicationContext.log Closing Spring root WebApplicationContext
20-Sep-2018 15:32:33.280 정보 [main] org.apache.catalina.core.ApplicationContext.log 2 Spring WebApplicationInitializers detected on classpath
20-Sep-2018 15:32:35.034 정보 [main] org.apache.catalina.core.ApplicationContext.log Initializing Spring embedded WebApplicationContext
20-Sep-2018 15:32:44.817 정보 [tomcat-http--3] org.apache.catalina.core.ApplicationContext.log Initializing Spring FrameworkServlet 'dispatcherServlet'
20-Sep-2018 15:32:57.629 정보 [Thread-6] org.apache.catalina.core.ApplicationContext.log Destroying Spring FrameworkServlet 'dispatcherServlet'
20-Sep-2018 15:32:57.631 정보 [Thread-6] org.apache.catalina.core.ApplicationContext.log Closing Spring root WebApplicationContext
20-Sep-2018 15:33:03.014 정보 [main] org.apache.catalina.core.ApplicationContext.log 2 Spring WebApplicationInitializers detected on classpath
20-Sep-2018 15:33:04.883 정보 [main] org.apache.catalina.core.ApplicationContext.log Initializing Spring embedded WebApplicationContext
20-Sep-2018 15:33:15.498 정보 [tomcat-http--3] org.apache.catalina.core.ApplicationContext.log Initializing Spring FrameworkServlet 'dispatcherServlet'
20-Sep-2018 15:33:52.911 정보 [Thread-6] org.apache.catalina.core.ApplicationContext.log Destroying Spring FrameworkServlet 'dispatcherServlet'
20-Sep-2018 15:33:52.913 정보 [Thread-6] org.apache.catalina.core.ApplicationContext.log Closing Spring root WebApplicationContext
20-Sep-2018 15:33:57.980 정보 [main] org.apache.catalina.core.ApplicationContext.log 2 Spring WebApplicationInitializers detected on classpath
20-Sep-2018 15:33:59.744 정보 [main] org.apache.catalina.core.ApplicationContext.log Initializing Spring embedded WebApplicationContext
20-Sep-2018 15:35:19.356 정보 [Thread-6] org.apache.catalina.core.ApplicationContext.log Closing Spring root WebApplicationContext
20-Sep-2018 15:40:40.282 정보 [main] org.apache.catalina.core.ApplicationContext.log 2 Spring WebApplicationInitializers detected on classpath
20-Sep-2018 15:40:42.123 정보 [main] org.apache.catalina.core.ApplicationContext.log Initializing Spring embedded WebApplicationContext
20-Sep-2018 15:40:55.339 정보 [tomcat-http--3] org.apache.catalina.core.ApplicationContext.log Initializing Spring FrameworkServlet 'dispatcherServlet'
20-Sep-2018 15:44:52.459 정보 [ContainerBackgroundProcessor[StandardEngine[Catalina]]] org.apache.catalina.core.ApplicationContext.log Destroying Spring FrameworkServlet 'dispatcherServlet'
20-Sep-2018 15:44:52.461 정보 [ContainerBackgroundProcessor[StandardEngine[Catalina]]] org.apache.catalina.core.ApplicationContext.log Closing Spring root WebApplicationContext
20-Sep-2018 15:44:54.853 정보 [ContainerBackgroundProcessor[StandardEngine[Catalina]]] org.apache.catalina.core.ApplicationContext.log 2 Spring WebApplicationInitializers detected on classpath
20-Sep-2018 15:44:56.825 정보 [ContainerBackgroundProcessor[StandardEngine[Catalina]]] org.apache.catalina.core.ApplicationContext.log Initializing Spring embedded WebApplicationContext
20-Sep-2018 15:45:00.482 정보 [Thread-6] org.apache.catalina.core.ApplicationContext.log Closing Spring root WebApplicationContext
20-Sep-2018 15:49:55.931 정보 [main] org.apache.catalina.core.ApplicationContext.log 2 Spring WebApplicationInitializers detected on classpath
20-Sep-2018 15:49:57.766 정보 [main] org.apache.catalina.core.ApplicationContext.log Initializing Spring embedded WebApplicationContext
20-Sep-2018 15:50:06.904 정보 [tomcat-http--3] org.apache.catalina.core.ApplicationContext.log Initializing Spring FrameworkServlet 'dispatcherServlet'
20-Sep-2018 15:50:23.401 정보 [Thread-6] org.apache.catalina.core.ApplicationContext.log Destroying Spring FrameworkServlet 'dispatcherServlet'
20-Sep-2018 15:50:23.403 정보 [Thread-6] org.apache.catalina.core.ApplicationContext.log Closing Spring root WebApplicationContext
20-Sep-2018 15:50:28.646 정보 [main] org.apache.catalina.core.ApplicationContext.log 2 Spring WebApplicationInitializers detected on classpath
20-Sep-2018 15:50:30.470 정보 [main] org.apache.catalina.core.ApplicationContext.log Initializing Spring embedded WebApplicationContext
20-Sep-2018 15:50:42.333 정보 [tomcat-http--3] org.apache.catalina.core.ApplicationContext.log Initializing Spring FrameworkServlet 'dispatcherServlet'
20-Sep-2018 15:53:02.240 정보 [Thread-6] org.apache.catalina.core.ApplicationContext.log Destroying Spring FrameworkServlet 'dispatcherServlet'
20-Sep-2018 15:53:02.242 정보 [Thread-6] org.apache.catalina.core.ApplicationContext.log Closing Spring root WebApplicationContext
20-Sep-2018 15:53:13.124 정보 [main] org.apache.catalina.core.ApplicationContext.log 2 Spring WebApplicationInitializers detected on classpath
20-Sep-2018 15:53:14.872 정보 [main] org.apache.catalina.core.ApplicationContext.log Initializing Spring embedded WebApplicationContext
20-Sep-2018 15:53:23.286 정보 [tomcat-http--3] org.apache.catalina.core.ApplicationContext.log Initializing Spring FrameworkServlet 'dispatcherServlet'
20-Sep-2018 15:53:27.483 정보 [Thread-6] org.apache.catalina.core.ApplicationContext.log Destroying Spring FrameworkServlet 'dispatcherServlet'
20-Sep-2018 15:53:27.485 정보 [Thread-6] org.apache.catalina.core.ApplicationContext.log Closing Spring root WebApplicationContext
20-Sep-2018 15:54:18.783 정보 [main] org.apache.catalina.core.ApplicationContext.log 2 Spring WebApplicationInitializers detected on classpath
20-Sep-2018 15:54:20.633 정보 [main] org.apache.catalina.core.ApplicationContext.log Initializing Spring embedded WebApplicationContext
20-Sep-2018 15:54:36.956 정보 [Thread-6] org.apache.catalina.core.ApplicationContext.log Closing Spring root WebApplicationContext
20-Sep-2018 15:54:42.554 정보 [main] org.apache.catalina.core.ApplicationContext.log 2 Spring WebApplicationInitializers detected on classpath
20-Sep-2018 15:54:44.311 정보 [main] org.apache.catalina.core.ApplicationContext.log Initializing Spring embedded WebApplicationContext
20-Sep-2018 15:54:53.974 정보 [tomcat-http--3] org.apache.catalina.core.ApplicationContext.log Initializing Spring FrameworkServlet 'dispatcherServlet'
20-Sep-2018 15:56:46.936 정보 [Thread-6] org.apache.catalina.core.ApplicationContext.log Destroying Spring FrameworkServlet 'dispatcherServlet'
20-Sep-2018 15:56:46.938 정보 [Thread-6] org.apache.catalina.core.ApplicationContext.log Closing Spring root WebApplicationContext
20-Sep-2018 15:56:55.376 정보 [main] org.apache.catalina.core.ApplicationContext.log 2 Spring WebApplicationInitializers detected on classpath
20-Sep-2018 15:56:57.056 정보 [main] org.apache.catalina.core.ApplicationContext.log Initializing Spring embedded WebApplicationContext
20-Sep-2018 15:57:10.701 정보 [tomcat-http--3] org.apache.catalina.core.ApplicationContext.log Initializing Spring FrameworkServlet 'dispatcherServlet'
20-Sep-2018 15:57:34.690 정보 [ContainerBackgroundProcessor[StandardEngine[Catalina]]] org.apache.catalina.core.ApplicationContext.log Destroying Spring FrameworkServlet 'dispatcherServlet'
20-Sep-2018 15:57:34.692 정보 [ContainerBackgroundProcessor[StandardEngine[Catalina]]] org.apache.catalina.core.ApplicationContext.log Closing Spring root WebApplicationContext
20-Sep-2018 15:57:37.058 정보 [ContainerBackgroundProcessor[StandardEngine[Catalina]]] org.apache.catalina.core.ApplicationContext.log 2 Spring WebApplicationInitializers detected on classpath
20-Sep-2018 15:57:38.753 정보 [ContainerBackgroundProcessor[StandardEngine[Catalina]]] org.apache.catalina.core.ApplicationContext.log Initializing Spring embedded WebApplicationContext
20-Sep-2018 15:58:00.929 정보 [Thread-6] org.apache.catalina.core.ApplicationContext.log Closing Spring root WebApplicationContext
20-Sep-2018 15:58:06.619 정보 [main] org.apache.catalina.core.ApplicationContext.log 2 Spring WebApplicationInitializers detected on classpath
20-Sep-2018 15:58:08.376 정보 [main] org.apache.catalina.core.ApplicationContext.log Initializing Spring embedded WebApplicationContext
20-Sep-2018 15:58:18.003 정보 [tomcat-http--4] org.apache.catalina.core.ApplicationContext.log Initializing Spring FrameworkServlet 'dispatcherServlet'
20-Sep-2018 15:58:26.136 정보 [Thread-6] org.apache.catalina.core.ApplicationContext.log Destroying Spring FrameworkServlet 'dispatcherServlet'
20-Sep-2018 15:58:26.138 정보 [Thread-6] org.apache.catalina.core.ApplicationContext.log Closing Spring root WebApplicationContext
20-Sep-2018 15:58:51.111 정보 [main] org.apache.catalina.core.ApplicationContext.log 2 Spring WebApplicationInitializers detected on classpath
20-Sep-2018 15:58:52.895 정보 [main] org.apache.catalina.core.ApplicationContext.log Initializing Spring embedded WebApplicationContext
20-Sep-2018 15:59:01.631 정보 [tomcat-http--3] org.apache.catalina.core.ApplicationContext.log Initializing Spring FrameworkServlet 'dispatcherServlet'
20-Sep-2018 15:59:07.211 정보 [Thread-6] org.apache.catalina.core.ApplicationContext.log Destroying Spring FrameworkServlet 'dispatcherServlet'
20-Sep-2018 15:59:07.213 정보 [Thread-6] org.apache.catalina.core.ApplicationContext.log Closing Spring root WebApplicationContext
20-Sep-2018 16:00:43.167 정보 [main] org.apache.catalina.core.ApplicationContext.log 2 Spring WebApplicationInitializers detected on classpath
20-Sep-2018 16:00:44.993 정보 [main] org.apache.catalina.core.ApplicationContext.log Initializing Spring embedded WebApplicationContext
20-Sep-2018 16:01:02.618 정보 [tomcat-http--5] org.apache.catalina.core.ApplicationContext.log Initializing Spring FrameworkServlet 'dispatcherServlet'
20-Sep-2018 16:11:15.458 정보 [Thread-6] org.apache.catalina.core.ApplicationContext.log Destroying Spring FrameworkServlet 'dispatcherServlet'
20-Sep-2018 16:11:15.460 정보 [Thread-6] org.apache.catalina.core.ApplicationContext.log Closing Spring root WebApplicationContext
20-Sep-2018 16:11:23.531 정보 [main] org.apache.catalina.core.ApplicationContext.log 2 Spring WebApplicationInitializers detected on classpath
20-Sep-2018 16:11:25.369 정보 [main] org.apache.catalina.core.ApplicationContext.log Initializing Spring embedded WebApplicationContext
20-Sep-2018 16:11:43.430 정보 [tomcat-http--3] org.apache.catalina.core.ApplicationContext.log Initializing Spring FrameworkServlet 'dispatcherServlet'
20-Sep-2018 16:14:39.722 정보 [ContainerBackgroundProcessor[StandardEngine[Catalina]]] org.apache.catalina.core.ApplicationContext.log Destroying Spring FrameworkServlet 'dispatcherServlet'
20-Sep-2018 16:14:39.724 정보 [ContainerBackgroundProcessor[StandardEngine[Catalina]]] org.apache.catalina.core.ApplicationContext.log Closing Spring root WebApplicationContext
20-Sep-2018 16:14:42.106 정보 [ContainerBackgroundProcessor[StandardEngine[Catalina]]] org.apache.catalina.core.ApplicationContext.log 2 Spring WebApplicationInitializers detected on classpath
20-Sep-2018 16:14:43.869 정보 [ContainerBackgroundProcessor[StandardEngine[Catalina]]] org.apache.catalina.core.ApplicationContext.log Initializing Spring embedded WebApplicationContext
20-Sep-2018 16:14:46.466 정보 [Thread-6] org.apache.catalina.core.ApplicationContext.log Closing Spring root WebApplicationContext
20-Sep-2018 16:15:48.522 정보 [main] org.apache.catalina.core.ApplicationContext.log 2 Spring WebApplicationInitializers detected on classpath
20-Sep-2018 16:15:50.306 정보 [main] org.apache.catalina.core.ApplicationContext.log Initializing Spring embedded WebApplicationContext
20-Sep-2018 16:16:01.797 정보 [tomcat-http--3] org.apache.catalina.core.ApplicationContext.log Initializing Spring FrameworkServlet 'dispatcherServlet'
20-Sep-2018 16:16:34.696 정보 [Thread-6] org.apache.catalina.core.ApplicationContext.log Destroying Spring FrameworkServlet 'dispatcherServlet'
20-Sep-2018 16:16:34.698 정보 [Thread-6] org.apache.catalina.core.ApplicationContext.log Closing Spring root WebApplicationContext
20-Sep-2018 16:16:43.804 정보 [main] org.apache.catalina.core.ApplicationContext.log 2 Spring WebApplicationInitializers detected on classpath
20-Sep-2018 16:16:45.581 정보 [main] org.apache.catalina.core.ApplicationContext.log Initializing Spring embedded WebApplicationContext
20-Sep-2018 16:16:55.187 정보 [tomcat-http--3] org.apache.catalina.core.ApplicationContext.log Initializing Spring FrameworkServlet 'dispatcherServlet'
20-Sep-2018 16:18:00.246 정보 [Thread-6] org.apache.catalina.core.ApplicationContext.log Destroying Spring FrameworkServlet 'dispatcherServlet'
20-Sep-2018 16:18:00.248 정보 [Thread-6] org.apache.catalina.core.ApplicationContext.log Closing Spring root WebApplicationContext
20-Sep-2018 16:18:08.818 정보 [main] org.apache.catalina.core.ApplicationContext.log 2 Spring WebApplicationInitializers detected on classpath
20-Sep-2018 16:18:10.588 정보 [main] org.apache.catalina.core.ApplicationContext.log Initializing Spring embedded WebApplicationContext
20-Sep-2018 16:18:20.608 정보 [tomcat-http--3] org.apache.catalina.core.ApplicationContext.log Initializing Spring FrameworkServlet 'dispatcherServlet'
20-Sep-2018 16:19:21.673 정보 [ContainerBackgroundProcessor[StandardEngine[Catalina]]] org.apache.catalina.core.ApplicationContext.log Destroying Spring FrameworkServlet 'dispatcherServlet'
20-Sep-2018 16:19:21.675 정보 [ContainerBackgroundProcessor[StandardEngine[Catalina]]] org.apache.catalina.core.ApplicationContext.log Closing Spring root WebApplicationContext
20-Sep-2018 16:19:23.960 정보 [ContainerBackgroundProcessor[StandardEngine[Catalina]]] org.apache.catalina.core.ApplicationContext.log 2 Spring WebApplicationInitializers detected on classpath
20-Sep-2018 16:19:25.919 정보 [ContainerBackgroundProcessor[StandardEngine[Catalina]]] org.apache.catalina.core.ApplicationContext.log Initializing Spring embedded WebApplicationContext
20-Sep-2018 16:19:37.579 정보 [ContainerBackgroundProcessor[StandardEngine[Catalina]]] org.apache.catalina.core.ApplicationContext.log Closing Spring root WebApplicationContext
20-Sep-2018 16:19:40.022 정보 [ContainerBackgroundProcessor[StandardEngine[Catalina]]] org.apache.catalina.core.ApplicationContext.log 2 Spring WebApplicationInitializers detected on classpath
20-Sep-2018 16:19:54.342 정보 [main] org.apache.catalina.core.ApplicationContext.log 2 Spring WebApplicationInitializers detected on classpath
20-Sep-2018 16:19:56.120 정보 [main] org.apache.catalina.core.ApplicationContext.log Initializing Spring embedded WebApplicationContext
20-Sep-2018 16:20:21.130 정보 [tomcat-http--3] org.apache.catalina.core.ApplicationContext.log Initializing Spring FrameworkServlet 'dispatcherServlet'
20-Sep-2018 16:20:50.740 정보 [Thread-6] org.apache.catalina.core.ApplicationContext.log Destroying Spring FrameworkServlet 'dispatcherServlet'
20-Sep-2018 16:20:50.741 정보 [Thread-6] org.apache.catalina.core.ApplicationContext.log Closing Spring root WebApplicationContext
20-Sep-2018 18:26:45.999 정보 [main] org.apache.catalina.core.ApplicationContext.log 2 Spring WebApplicationInitializers detected on classpath
20-Sep-2018 18:26:47.578 정보 [main] org.apache.catalina.core.ApplicationContext.log Initializing Spring embedded WebApplicationContext
20-Sep-2018 18:26:56.529 정보 [tomcat-http--3] org.apache.catalina.core.ApplicationContext.log Initializing Spring FrameworkServlet 'dispatcherServlet'
20-Sep-2018 18:27:10.405 정보 [Thread-6] org.apache.catalina.core.ApplicationContext.log Destroying Spring FrameworkServlet 'dispatcherServlet'
20-Sep-2018 18:27:10.407 정보 [Thread-6] org.apache.catalina.core.ApplicationContext.log Closing Spring root WebApplicationContext
20-Sep-2018 18:28:18.846 정보 [main] org.apache.catalina.core.ApplicationContext.log 2 Spring WebApplicationInitializers detected on classpath
20-Sep-2018 18:28:20.327 정보 [main] org.apache.catalina.core.ApplicationContext.log Initializing Spring embedded WebApplicationContext
20-Sep-2018 18:28:28.380 정보 [tomcat-http--3] org.apache.catalina.core.ApplicationContext.log Initializing Spring FrameworkServlet 'dispatcherServlet'
20-Sep-2018 18:29:01.699 정보 [Thread-6] org.apache.catalina.core.ApplicationContext.log Destroying Spring FrameworkServlet 'dispatcherServlet'
20-Sep-2018 18:29:01.700 정보 [Thread-6] org.apache.catalina.core.ApplicationContext.log Closing Spring root WebApplicationContext
20-Sep-2018 18:29:09.186 정보 [main] org.apache.catalina.core.ApplicationContext.log 2 Spring WebApplicationInitializers detected on classpath
20-Sep-2018 18:29:10.632 정보 [main] org.apache.catalina.core.ApplicationContext.log Initializing Spring embedded WebApplicationContext
20-Sep-2018 18:29:18.739 정보 [tomcat-http--3] org.apache.catalina.core.ApplicationContext.log Initializing Spring FrameworkServlet 'dispatcherServlet'
20-Sep-2018 18:32:50.901 정보 [Thread-6] org.apache.catalina.core.ApplicationContext.log Destroying Spring FrameworkServlet 'dispatcherServlet'
20-Sep-2018 18:32:50.902 정보 [Thread-6] org.apache.catalina.core.ApplicationContext.log Closing Spring root WebApplicationContext
20-Sep-2018 18:32:55.281 정보 [main] org.apache.catalina.core.ApplicationContext.log 2 Spring WebApplicationInitializers detected on classpath
20-Sep-2018 18:32:56.802 정보 [main] org.apache.catalina.core.ApplicationContext.log Initializing Spring embedded WebApplicationContext
20-Sep-2018 18:33:07.008 정보 [tomcat-http--3] org.apache.catalina.core.ApplicationContext.log Initializing Spring FrameworkServlet 'dispatcherServlet'
20-Sep-2018 18:34:28.803 정보 [ContainerBackgroundProcessor[StandardEngine[Catalina]]] org.apache.catalina.core.ApplicationContext.log Destroying Spring FrameworkServlet 'dispatcherServlet'
20-Sep-2018 18:34:28.805 정보 [ContainerBackgroundProcessor[StandardEngine[Catalina]]] org.apache.catalina.core.ApplicationContext.log Closing Spring root WebApplicationContext
20-Sep-2018 18:34:31.158 정보 [ContainerBackgroundProcessor[StandardEngine[Catalina]]] org.apache.catalina.core.ApplicationContext.log 2 Spring WebApplicationInitializers detected on classpath
20-Sep-2018 18:34:32.669 정보 [ContainerBackgroundProcessor[StandardEngine[Catalina]]] org.apache.catalina.core.ApplicationContext.log Initializing Spring embedded WebApplicationContext
20-Sep-2018 18:38:00.720 정보 [main] org.apache.catalina.core.ApplicationContext.log 2 Spring WebApplicationInitializers detected on classpath
20-Sep-2018 18:38:02.255 정보 [main] org.apache.catalina.core.ApplicationContext.log Initializing Spring embedded WebApplicationContext
20-Sep-2018 18:38:15.671 정보 [tomcat-http--4] org.apache.catalina.core.ApplicationContext.log Initializing Spring FrameworkServlet 'dispatcherServlet'
20-Sep-2018 18:38:36.734 정보 [Thread-6] org.apache.catalina.core.ApplicationContext.log Destroying Spring FrameworkServlet 'dispatcherServlet'
20-Sep-2018 18:38:36.736 정보 [Thread-6] org.apache.catalina.core.ApplicationContext.log Closing Spring root WebApplicationContext
20-Sep-2018 18:39:04.944 정보 [main] org.apache.catalina.core.ApplicationContext.log 2 Spring WebApplicationInitializers detected on classpath
20-Sep-2018 18:39:06.488 정보 [main] org.apache.catalina.core.ApplicationContext.log Initializing Spring embedded WebApplicationContext
20-Sep-2018 18:39:15.299 정보 [tomcat-http--3] org.apache.catalina.core.ApplicationContext.log Initializing Spring FrameworkServlet 'dispatcherServlet'
20-Sep-2018 18:39:30.876 정보 [Thread-6] org.apache.catalina.core.ApplicationContext.log Destroying Spring FrameworkServlet 'dispatcherServlet'
20-Sep-2018 18:39:30.878 정보 [Thread-6] org.apache.catalina.core.ApplicationContext.log Closing Spring root WebApplicationContext
20-Sep-2018 18:56:28.414 정보 [main] org.apache.catalina.core.ApplicationContext.log 2 Spring WebApplicationInitializers detected on classpath
20-Sep-2018 18:56:55.660 정보 [main] org.apache.catalina.core.ApplicationContext.log 2 Spring WebApplicationInitializers detected on classpath
20-Sep-2018 18:56:57.316 정보 [main] org.apache.catalina.core.ApplicationContext.log Initializing Spring embedded WebApplicationContext
20-Sep-2018 18:57:05.907 정보 [Thread-6] org.apache.catalina.core.ApplicationContext.log Closing Spring root WebApplicationContext
20-Sep-2018 18:57:13.586 정보 [main] org.apache.catalina.core.ApplicationContext.log 2 Spring WebApplicationInitializers detected on classpath
20-Sep-2018 18:57:15.012 정보 [main] org.apache.catalina.core.ApplicationContext.log Initializing Spring embedded WebApplicationContext
20-Sep-2018 18:57:25.112 정보 [tomcat-http--3] org.apache.catalina.core.ApplicationContext.log Initializing Spring FrameworkServlet 'dispatcherServlet'
20-Sep-2018 18:57:30.631 정보 [Thread-6] org.apache.catalina.core.ApplicationContext.log Destroying Spring FrameworkServlet 'dispatcherServlet'
20-Sep-2018 18:57:30.633 정보 [Thread-6] org.apache.catalina.core.ApplicationContext.log Closing Spring root WebApplicationContext
20-Sep-2018 18:58:34.684 정보 [main] org.apache.catalina.core.ApplicationContext.log 2 Spring WebApplicationInitializers detected on classpath
20-Sep-2018 18:58:36.249 정보 [main] org.apache.catalina.core.ApplicationContext.log Initializing Spring embedded WebApplicationContext
20-Sep-2018 18:59:50.402 정보 [tomcat-http--5] org.apache.catalina.core.ApplicationContext.log Initializing Spring FrameworkServlet 'dispatcherServlet'
20-Sep-2018 19:06:12.746 정보 [Thread-6] org.apache.catalina.core.ApplicationContext.log Destroying Spring FrameworkServlet 'dispatcherServlet'
20-Sep-2018 19:06:12.748 정보 [Thread-6] org.apache.catalina.core.ApplicationContext.log Closing Spring root WebApplicationContext
20-Sep-2018 19:06:17.249 정보 [main] org.apache.catalina.core.ApplicationContext.log 2 Spring WebApplicationInitializers detected on classpath
20-Sep-2018 19:06:18.772 정보 [main] org.apache.catalina.core.ApplicationContext.log Initializing Spring embedded WebApplicationContext
20-Sep-2018 19:06:29.913 정보 [Thread-6] org.apache.catalina.core.ApplicationContext.log Closing Spring root WebApplicationContext
20-Sep-2018 19:14:56.173 정보 [main] org.apache.catalina.core.ApplicationContext.log 2 Spring WebApplicationInitializers detected on classpath
20-Sep-2018 19:14:57.913 정보 [main] org.apache.catalina.core.ApplicationContext.log Initializing Spring embedded WebApplicationContext
20-Sep-2018 19:15:06.292 정보 [tomcat-http--4] org.apache.catalina.core.ApplicationContext.log Initializing Spring FrameworkServlet 'dispatcherServlet'
20-Sep-2018 19:15:41.086 정보 [Thread-6] org.apache.catalina.core.ApplicationContext.log Destroying Spring FrameworkServlet 'dispatcherServlet'
20-Sep-2018 19:15:41.087 정보 [Thread-6] org.apache.catalina.core.ApplicationContext.log Closing Spring root WebApplicationContext
20-Sep-2018 19:17:04.255 정보 [main] org.apache.catalina.core.ApplicationContext.log 2 Spring WebApplicationInitializers detected on classpath
20-Sep-2018 19:17:05.912 정보 [main] org.apache.catalina.core.ApplicationContext.log Initializing Spring embedded WebApplicationContext
20-Sep-2018 19:17:30.982 정보 [tomcat-http--4] org.apache.catalina.core.ApplicationContext.log Initializing Spring FrameworkServlet 'dispatcherServlet'
20-Sep-2018 19:17:49.671 정보 [Thread-6] org.apache.catalina.core.ApplicationContext.log Destroying Spring FrameworkServlet 'dispatcherServlet'
20-Sep-2018 19:17:49.673 정보 [Thread-6] org.apache.catalina.core.ApplicationContext.log Closing Spring root WebApplicationContext
20-Sep-2018 19:17:54.217 정보 [main] org.apache.catalina.core.ApplicationContext.log 2 Spring WebApplicationInitializers detected on classpath
20-Sep-2018 19:17:55.826 정보 [main] org.apache.catalina.core.ApplicationContext.log Initializing Spring embedded WebApplicationContext
20-Sep-2018 19:18:07.300 정보 [tomcat-http--5] org.apache.catalina.core.ApplicationContext.log Initializing Spring FrameworkServlet 'dispatcherServlet'
20-Sep-2018 19:18:26.065 정보 [Thread-6] org.apache.catalina.core.ApplicationContext.log Destroying Spring FrameworkServlet 'dispatcherServlet'
20-Sep-2018 19:18:26.067 정보 [Thread-6] org.apache.catalina.core.ApplicationContext.log Closing Spring root WebApplicationContext
20-Sep-2018 19:19:48.904 정보 [main] org.apache.catalina.core.ApplicationContext.log 2 Spring WebApplicationInitializers detected on classpath
20-Sep-2018 19:19:50.349 정보 [main] org.apache.catalina.core.ApplicationContext.log Initializing Spring embedded WebApplicationContext
20-Sep-2018 19:20:43.117 정보 [tomcat-http--5] org.apache.catalina.core.ApplicationContext.log Initializing Spring FrameworkServlet 'dispatcherServlet'
20-Sep-2018 19:21:45.737 정보 [Thread-6] org.apache.catalina.core.ApplicationContext.log Destroying Spring FrameworkServlet 'dispatcherServlet'
20-Sep-2018 19:21:45.738 정보 [Thread-6] org.apache.catalina.core.ApplicationContext.log Closing Spring root WebApplicationContext
20-Sep-2018 19:23:10.870 정보 [main] org.apache.catalina.core.ApplicationContext.log 2 Spring WebApplicationInitializers detected on classpath
20-Sep-2018 19:23:12.424 정보 [main] org.apache.catalina.core.ApplicationContext.log Initializing Spring embedded WebApplicationContext
20-Sep-2018 19:23:20.606 정보 [tomcat-http--3] org.apache.catalina.core.ApplicationContext.log Initializing Spring FrameworkServlet 'dispatcherServlet'
20-Sep-2018 19:24:05.487 정보 [Thread-6] org.apache.catalina.core.ApplicationContext.log Destroying Spring FrameworkServlet 'dispatcherServlet'
20-Sep-2018 19:24:05.489 정보 [Thread-6] org.apache.catalina.core.ApplicationContext.log Closing Spring root WebApplicationContext
20-Sep-2018 19:24:13.757 정보 [main] org.apache.catalina.core.ApplicationContext.log 2 Spring WebApplicationInitializers detected on classpath
20-Sep-2018 19:24:15.280 정보 [main] org.apache.catalina.core.ApplicationContext.log Initializing Spring embedded WebApplicationContext
20-Sep-2018 19:24:22.507 정보 [tomcat-http--3] org.apache.catalina.core.ApplicationContext.log Initializing Spring FrameworkServlet 'dispatcherServlet'
20-Sep-2018 19:24:33.072 정보 [Thread-6] org.apache.catalina.core.ApplicationContext.log Destroying Spring FrameworkServlet 'dispatcherServlet'
20-Sep-2018 19:24:33.074 정보 [Thread-6] org.apache.catalina.core.ApplicationContext.log Closing Spring root WebApplicationContext
20-Sep-2018 19:25:34.212 정보 [main] org.apache.catalina.core.ApplicationContext.log 2 Spring WebApplicationInitializers detected on classpath
20-Sep-2018 19:25:35.647 정보 [main] org.apache.catalina.core.ApplicationContext.log Initializing Spring embedded WebApplicationContext
20-Sep-2018 19:25:46.764 정보 [tomcat-http--3] org.apache.catalina.core.ApplicationContext.log Initializing Spring FrameworkServlet 'dispatcherServlet'
20-Sep-2018 19:25:55.105 정보 [Thread-6] org.apache.catalina.core.ApplicationContext.log Destroying Spring FrameworkServlet 'dispatcherServlet'
20-Sep-2018 19:25:55.107 정보 [Thread-6] org.apache.catalina.core.ApplicationContext.log Closing Spring root WebApplicationContext
20-Sep-2018 19:26:17.161 정보 [main] org.apache.catalina.core.ApplicationContext.log 2 Spring WebApplicationInitializers detected on classpath
20-Sep-2018 19:26:18.673 정보 [main] org.apache.catalina.core.ApplicationContext.log Initializing Spring embedded WebApplicationContext
20-Sep-2018 19:26:25.727 정보 [tomcat-http--3] org.apache.catalina.core.ApplicationContext.log Initializing Spring FrameworkServlet 'dispatcherServlet'
20-Sep-2018 19:27:12.831 정보 [Thread-6] org.apache.catalina.core.ApplicationContext.log Destroying Spring FrameworkServlet 'dispatcherServlet'
20-Sep-2018 19:27:12.833 정보 [Thread-6] org.apache.catalina.core.ApplicationContext.log Closing Spring root WebApplicationContext
20-Sep-2018 19:27:19.146 정보 [main] org.apache.catalina.core.ApplicationContext.log 2 Spring WebApplicationInitializers detected on classpath
20-Sep-2018 19:27:20.596 정보 [main] org.apache.catalina.core.ApplicationContext.log Initializing Spring embedded WebApplicationContext
20-Sep-2018 19:27:29.213 정보 [tomcat-http--3] org.apache.catalina.core.ApplicationContext.log Initializing Spring FrameworkServlet 'dispatcherServlet'
20-Sep-2018 19:27:56.248 정보 [Thread-6] org.apache.catalina.core.ApplicationContext.log Destroying Spring FrameworkServlet 'dispatcherServlet'
20-Sep-2018 19:27:56.250 정보 [Thread-6] org.apache.catalina.core.ApplicationContext.log Closing Spring root WebApplicationContext
20-Sep-2018 19:29:51.674 정보 [main] org.apache.catalina.core.ApplicationContext.log 2 Spring WebApplicationInitializers detected on classpath
20-Sep-2018 19:29:53.089 정보 [main] org.apache.catalina.core.ApplicationContext.log Initializing Spring embedded WebApplicationContext
20-Sep-2018 19:30:08.354 정보 [tomcat-http--4] org.apache.catalina.core.ApplicationContext.log Initializing Spring FrameworkServlet 'dispatcherServlet'
20-Sep-2018 19:30:15.082 정보 [Thread-6] org.apache.catalina.core.ApplicationContext.log Destroying Spring FrameworkServlet 'dispatcherServlet'
20-Sep-2018 19:30:15.084 정보 [Thread-6] org.apache.catalina.core.ApplicationContext.log Closing Spring root WebApplicationContext
20-Sep-2018 19:34:46.715 정보 [main] org.apache.catalina.core.ApplicationContext.log 2 Spring WebApplicationInitializers detected on classpath
20-Sep-2018 19:34:48.204 정보 [main] org.apache.catalina.core.ApplicationContext.log Initializing Spring embedded WebApplicationContext
20-Sep-2018 19:34:56.155 정보 [tomcat-http--3] org.apache.catalina.core.ApplicationContext.log Initializing Spring FrameworkServlet 'dispatcherServlet'
20-Sep-2018 19:35:05.636 정보 [Thread-6] org.apache.catalina.core.ApplicationContext.log Destroying Spring FrameworkServlet 'dispatcherServlet'
20-Sep-2018 19:35:05.638 정보 [Thread-6] org.apache.catalina.core.ApplicationContext.log Closing Spring root WebApplicationContext
20-Sep-2018 19:36:02.663 정보 [main] org.apache.catalina.core.ApplicationContext.log 2 Spring WebApplicationInitializers detected on classpath
20-Sep-2018 19:36:04.055 정보 [main] org.apache.catalina.core.ApplicationContext.log Initializing Spring embedded WebApplicationContext
20-Sep-2018 19:36:10.723 정보 [tomcat-http--4] org.apache.catalina.core.ApplicationContext.log Initializing Spring FrameworkServlet 'dispatcherServlet'
20-Sep-2018 19:36:18.403 정보 [Thread-6] org.apache.catalina.core.ApplicationContext.log Destroying Spring FrameworkServlet 'dispatcherServlet'
20-Sep-2018 19:36:18.405 정보 [Thread-6] org.apache.catalina.core.ApplicationContext.log Closing Spring root WebApplicationContext
20-Sep-2018 19:37:13.045 정보 [main] org.apache.catalina.core.ApplicationContext.log 2 Spring WebApplicationInitializers detected on classpath
20-Sep-2018 19:37:14.590 정보 [main] org.apache.catalina.core.ApplicationContext.log Initializing Spring embedded WebApplicationContext
20-Sep-2018 19:37:23.016 정보 [tomcat-http--3] org.apache.catalina.core.ApplicationContext.log Initializing Spring FrameworkServlet 'dispatcherServlet'
20-Sep-2018 19:37:27.910 정보 [Thread-6] org.apache.catalina.core.ApplicationContext.log Destroying Spring FrameworkServlet 'dispatcherServlet'
20-Sep-2018 19:37:27.912 정보 [Thread-6] org.apache.catalina.core.ApplicationContext.log Closing Spring root WebApplicationContext
20-Sep-2018 19:37:55.719 정보 [main] org.apache.catalina.core.ApplicationContext.log 2 Spring WebApplicationInitializers detected on classpath
20-Sep-2018 19:37:57.209 정보 [main] org.apache.catalina.core.ApplicationContext.log Initializing Spring embedded WebApplicationContext
20-Sep-2018 19:38:06.020 정보 [tomcat-http--3] org.apache.catalina.core.ApplicationContext.log Initializing Spring FrameworkServlet 'dispatcherServlet'
20-Sep-2018 19:38:24.240 정보 [Thread-6] org.apache.catalina.core.ApplicationContext.log Destroying Spring FrameworkServlet 'dispatcherServlet'
20-Sep-2018 19:38:24.242 정보 [Thread-6] org.apache.catalina.core.ApplicationContext.log Closing Spring root WebApplicationContext
20-Sep-2018 19:52:22.260 정보 [main] org.apache.catalina.core.ApplicationContext.log 2 Spring WebApplicationInitializers detected on classpath
20-Sep-2018 19:52:23.774 정보 [main] org.apache.catalina.core.ApplicationContext.log Initializing Spring embedded WebApplicationContext
20-Sep-2018 19:52:34.764 정보 [tomcat-http--3] org.apache.catalina.core.ApplicationContext.log Initializing Spring FrameworkServlet 'dispatcherServlet'
20-Sep-2018 19:52:35.301 심각 [tomcat-http--3] org.apache.catalina.core.ApplicationDispatcher.invoke Servlet.service() for servlet [jsp] threw exception
 org.apache.jasper.JasperException: /WEB-INF/views/c201432014/list2.jsp (line: [4], column: [21]) The attribute prefix [http] does not correspond to any imported tag library
	at org.apache.jasper.compiler.DefaultErrorHandler.jspError(DefaultErrorHandler.java:42)
	at org.apache.jasper.compiler.ErrorDispatcher.dispatch(ErrorDispatcher.java:292)
	at org.apache.jasper.compiler.ErrorDispatcher.jspError(ErrorDispatcher.java:98)
	at org.apache.jasper.compiler.Parser.parseAttribute(Parser.java:224)
	at org.apache.jasper.compiler.Parser.parseAttributes(Parser.java:168)
	at org.apache.jasper.compiler.Parser.parsePageDirective(Parser.java:356)
	at org.apache.jasper.compiler.Parser.parseDirective(Parser.java:478)
	at org.apache.jasper.compiler.Parser.parseFileDirectives(Parser.java:1797)
	at org.apache.jasper.compiler.Parser.parse(Parser.java:141)
	at org.apache.jasper.compiler.ParserController.doParse(ParserController.java:244)
	at org.apache.jasper.compiler.ParserController.parseDirectives(ParserController.java:127)
	at org.apache.jasper.compiler.Compiler.generateJava(Compiler.java:202)
	at org.apache.jasper.compiler.Compiler.compile(Compiler.java:385)
	at org.apache.jasper.compiler.Compiler.compile(Compiler.java:362)
	at org.apache.jasper.compiler.Compiler.compile(Compiler.java:346)
	at org.apache.jasper.JspCompilationContext.compile(JspCompilationContext.java:603)
	at org.apache.jasper.servlet.JspServletWrapper.service(JspServletWrapper.java:369)
	at org.apache.jasper.servlet.JspServlet.serviceJspFile(JspServlet.java:386)
	at org.apache.jasper.servlet.JspServlet.service(JspServlet.java:330)
	at javax.servlet.http.HttpServlet.service(HttpServlet.java:741)
	at org.apache.catalina.core.ApplicationFilterChain.internalDoFilter(ApplicationFilterChain.java:231)
	at org.apache.catalina.core.ApplicationFilterChain.doFilter(ApplicationFilterChain.java:166)
	at org.apache.tomcat.websocket.server.WsFilter.doFilter(WsFilter.java:53)
	at org.apache.catalina.core.ApplicationFilterChain.internalDoFilter(ApplicationFilterChain.java:193)
	at org.apache.catalina.core.ApplicationFilterChain.doFilter(ApplicationFilterChain.java:166)
	at org.apache.catalina.core.ApplicationDispatcher.invoke(ApplicationDispatcher.java:712)
	at org.apache.catalina.core.ApplicationDispatcher.processRequest(ApplicationDispatcher.java:459)
	at org.apache.catalina.core.ApplicationDispatcher.doForward(ApplicationDispatcher.java:384)
	at org.apache.catalina.core.ApplicationDispatcher.forward(ApplicationDispatcher.java:312)
	at org.springframework.web.servlet.view.InternalResourceView.renderMergedOutputModel(InternalResourceView.java:170)
	at org.springframework.web.servlet.view.AbstractView.render(AbstractView.java:315)
	at org.springframework.web.servlet.DispatcherServlet.render(DispatcherServlet.java:1325)
	at org.springframework.web.servlet.DispatcherServlet.processDispatchResult(DispatcherServlet.java:1069)
	at org.springframework.web.servlet.DispatcherServlet.doDispatch(DispatcherServlet.java:1008)
	at org.springframework.web.servlet.DispatcherServlet.doService(DispatcherServlet.java:925)
	at org.springframework.web.servlet.FrameworkServlet.processRequest(FrameworkServlet.java:974)
	at org.springframework.web.servlet.FrameworkServlet.doGet(FrameworkServlet.java:866)
	at javax.servlet.http.HttpServlet.service(HttpServlet.java:634)
	at org.springframework.web.servlet.FrameworkServlet.service(FrameworkServlet.java:851)
	at javax.servlet.http.HttpServlet.service(HttpServlet.java:741)
	at org.apache.catalina.core.ApplicationFilterChain.internalDoFilter(ApplicationFilterChain.java:231)
	at org.apache.catalina.core.ApplicationFilterChain.doFilter(ApplicationFilterChain.java:166)
	at org.apache.tomcat.websocket.server.WsFilter.doFilter(WsFilter.java:53)
	at org.apache.catalina.core.ApplicationFilterChain.internalDoFilter(ApplicationFilterChain.java:193)
	at org.apache.catalina.core.ApplicationFilterChain.doFilter(ApplicationFilterChain.java:166)
	at org.springframework.web.filter.RequestContextFilter.doFilterInternal(RequestContextFilter.java:99)
	at org.springframework.web.filter.OncePerRequestFilter.doFilter(OncePerRequestFilter.java:107)
	at org.apache.catalina.core.ApplicationFilterChain.internalDoFilter(ApplicationFilterChain.java:193)
	at org.apache.catalina.core.ApplicationFilterChain.doFilter(ApplicationFilterChain.java:166)
	at org.springframework.web.filter.HttpPutFormContentFilter.doFilterInternal(HttpPutFormContentFilter.java:109)
	at org.springframework.web.filter.OncePerRequestFilter.doFilter(OncePerRequestFilter.java:107)
	at org.apache.catalina.core.ApplicationFilterChain.internalDoFilter(ApplicationFilterChain.java:193)
	at org.apache.catalina.core.ApplicationFilterChain.doFilter(ApplicationFilterChain.java:166)
	at org.springframework.web.filter.HiddenHttpMethodFilter.doFilterInternal(HiddenHttpMethodFilter.java:93)
	at org.springframework.web.filter.OncePerRequestFilter.doFilter(OncePerRequestFilter.java:107)
	at org.apache.catalina.core.ApplicationFilterChain.internalDoFilter(ApplicationFilterChain.java:193)
	at org.apache.catalina.core.ApplicationFilterChain.doFilter(ApplicationFilterChain.java:166)
	at org.springframework.boot.web.servlet.support.ErrorPageFilter.doFilter(ErrorPageFilter.java:130)
	at org.springframework.boot.web.servlet.support.ErrorPageFilter.access$000(ErrorPageFilter.java:66)
	at org.springframework.boot.web.servlet.support.ErrorPageFilter$1.doFilterInternal(ErrorPageFilter.java:105)
	at org.springframework.web.filter.OncePerRequestFilter.doFilter(OncePerRequestFilter.java:107)
	at org.springframework.boot.web.servlet.support.ErrorPageFilter.doFilter(ErrorPageFilter.java:123)
	at org.apache.catalina.core.ApplicationFilterChain.internalDoFilter(ApplicationFilterChain.java:193)
	at org.apache.catalina.core.ApplicationFilterChain.doFilter(ApplicationFilterChain.java:166)
	at org.springframework.web.filter.CharacterEncodingFilter.doFilterInternal(CharacterEncodingFilter.java:200)
	at org.springframework.web.filter.OncePerRequestFilter.doFilter(OncePerRequestFilter.java:107)
	at org.apache.catalina.core.ApplicationFilterChain.internalDoFilter(ApplicationFilterChain.java:193)
	at org.apache.catalina.core.ApplicationFilterChain.doFilter(ApplicationFilterChain.java:166)
	at org.apache.catalina.core.StandardWrapperValve.invoke(StandardWrapperValve.java:199)
	at org.apache.catalina.core.StandardContextValve.invoke(StandardContextValve.java:96)
	at org.apache.catalina.authenticator.AuthenticatorBase.invoke(AuthenticatorBase.java:494)
	at org.apache.catalina.core.StandardHostValve.invoke(StandardHostValve.java:137)
	at org.apache.catalina.valves.ErrorReportValve.invoke(ErrorReportValve.java:92)
	at org.apache.catalina.valves.AbstractAccessLogValve.invoke(AbstractAccessLogValve.java:651)
	at org.apache.catalina.core.StandardEngineValve.invoke(StandardEngineValve.java:87)
	at org.apache.catalina.connector.CoyoteAdapter.service(CoyoteAdapter.java:343)
	at org.apache.coyote.http11.Http11Processor.service(Http11Processor.java:407)
	at org.apache.coyote.AbstractProcessorLight.process(AbstractProcessorLight.java:66)
	at org.apache.coyote.AbstractProtocol$ConnectionHandler.process(AbstractProtocol.java:754)
	at org.apache.tomcat.util.net.NioEndpoint$SocketProcessor.doRun(NioEndpoint.java:1376)
	at org.apache.tomcat.util.net.SocketProcessorBase.run(SocketProcessorBase.java:49)
	at java.util.concurrent.ThreadPoolExecutor.runWorker(ThreadPoolExecutor.java:1149)
	at java.util.concurrent.ThreadPoolExecutor$Worker.run(ThreadPoolExecutor.java:624)
	at org.apache.tomcat.util.threads.TaskThread$WrappingRunnable.run(TaskThread.java:61)
	at java.lang.Thread.run(Thread.java:748)

20-Sep-2018 19:53:21.583 정보 [Thread-6] org.apache.catalina.core.ApplicationContext.log Destroying Spring FrameworkServlet 'dispatcherServlet'
20-Sep-2018 19:53:21.585 정보 [Thread-6] org.apache.catalina.core.ApplicationContext.log Closing Spring root WebApplicationContext
20-Sep-2018 19:53:30.227 정보 [main] org.apache.catalina.core.ApplicationContext.log 2 Spring WebApplicationInitializers detected on classpath
20-Sep-2018 19:53:31.643 정보 [main] org.apache.catalina.core.ApplicationContext.log Initializing Spring embedded WebApplicationContext
20-Sep-2018 19:53:37.645 정보 [tomcat-http--3] org.apache.catalina.core.ApplicationContext.log Initializing Spring FrameworkServlet 'dispatcherServlet'
20-Sep-2018 19:53:54.810 정보 [Thread-6] org.apache.catalina.core.ApplicationContext.log Destroying Spring FrameworkServlet 'dispatcherServlet'
20-Sep-2018 19:53:54.812 정보 [Thread-6] org.apache.catalina.core.ApplicationContext.log Closing Spring root WebApplicationContext
20-Sep-2018 19:55:30.539 정보 [main] org.apache.catalina.core.ApplicationContext.log 2 Spring WebApplicationInitializers detected on classpath
20-Sep-2018 19:55:31.958 정보 [main] org.apache.catalina.core.ApplicationContext.log Initializing Spring embedded WebApplicationContext
20-Sep-2018 19:55:55.369 정보 [RMI TCP Connection(3)-127.0.0.1] org.apache.catalina.core.ApplicationContext.log Closing Spring root WebApplicationContext
20-Sep-2018 19:55:59.605 정보 [main] org.apache.catalina.core.ApplicationContext.log 2 Spring WebApplicationInitializers detected on classpath
20-Sep-2018 19:56:01.072 정보 [main] org.apache.catalina.core.ApplicationContext.log Initializing Spring embedded WebApplicationContext
20-Sep-2018 19:56:09.448 정보 [tomcat-http--3] org.apache.catalina.core.ApplicationContext.log Initializing Spring FrameworkServlet 'dispatcherServlet'
20-Sep-2018 19:56:39.077 정보 [Thread-6] org.apache.catalina.core.ApplicationContext.log Destroying Spring FrameworkServlet 'dispatcherServlet'
20-Sep-2018 19:56:39.079 정보 [Thread-6] org.apache.catalina.core.ApplicationContext.log Closing Spring root WebApplicationContext
20-Sep-2018 19:56:48.640 정보 [main] org.apache.catalina.core.ApplicationContext.log 2 Spring WebApplicationInitializers detected on classpath
20-Sep-2018 19:56:50.263 정보 [main] org.apache.catalina.core.ApplicationContext.log Initializing Spring embedded WebApplicationContext
20-Sep-2018 19:57:17.043 정보 [tomcat-http--4] org.apache.catalina.core.ApplicationContext.log Initializing Spring FrameworkServlet 'dispatcherServlet'
20-Sep-2018 19:58:14.100 정보 [Thread-6] org.apache.catalina.core.ApplicationContext.log Destroying Spring FrameworkServlet 'dispatcherServlet'
20-Sep-2018 19:58:14.102 정보 [Thread-6] org.apache.catalina.core.ApplicationContext.log Closing Spring root WebApplicationContext
